<?xml version="1.0" encoding="UTF-8" ?>
<testsuite errors="0" failures="0" hostname="StÃ©ven-TOSH" name="comtrek.UserServiceSpec" tests="1" time="0.918" timestamp="2013-02-13T22:50:59">
  <properties />
  <testcase classname="comtrek.UserServiceSpec" name="user create" time="0.917" />
  <system-out><![CDATA[--Output from user create--
]]></system-out>
  <system-err><![CDATA[--Output from user create--
]]></system-err>
</testsuite>
