<?xml version="1.0" encoding="UTF-8" ?>
<testsuite errors="0" failures="0" hostname="winterfe-877b7f" name="comtrek.EventSpec" tests="3" time="1.922" timestamp="2013-02-13T21:27:38">
  <properties />
  <testcase classname="comtrek.EventSpec" name="test Event all constraints averageNote is range using -1" time="0.5" />
  <testcase classname="comtrek.EventSpec" name="test Event all constraints averageNote is range using 11" time="0.109" />
  <testcase classname="comtrek.EventSpec" name="test Event all constraints effectiveTime is nullable using null" time="0.172" />
  <system-out><![CDATA[--Output from test Event all constraints averageNote is range using -1--
--Output from test Event all constraints averageNote is range using 11--
--Output from test Event all constraints effectiveTime is nullable using null--
]]></system-out>
  <system-err><![CDATA[--Output from test Event all constraints averageNote is range using -1--
--Output from test Event all constraints averageNote is range using 11--
--Output from test Event all constraints effectiveTime is nullable using null--
]]></system-err>
</testsuite>
